Warning: ignoring unsupported tag `ALLOW_UNICODE_NAMES    =' at line 79, file /home/travis/build/gabegordon/CXXDecomQt/doxygen/config
Warning: ignoring unsupported tag `TOC_INCLUDE_HEADINGS   =' at line 313, file /home/travis/build/gabegordon/CXXDecomQt/doxygen/config
Warning: ignoring unsupported tag `GROUP_NESTED_COMPOUNDS =' at line 370, file /home/travis/build/gabegordon/CXXDecomQt/doxygen/config
Warning: ignoring unsupported tag `HIDE_COMPOUND_REFERENCE=' at line 541, file /home/travis/build/gabegordon/CXXDecomQt/doxygen/config
Warning: ignoring unsupported tag `WARN_AS_ERROR          =' at line 765, file /home/travis/build/gabegordon/CXXDecomQt/doxygen/config
Warning: Tag `CLANG_ASSISTED_PARSING' at line 1085 of file /home/travis/build/gabegordon/CXXDecomQt/doxygen/config belongs to an option that was not enabled at compile time.
To avoid this warning please remove this line from your configuration file, upgrade it using "doxygen -u", or recompile doxygen with this feature enabled.
Warning: Tag `CLANG_OPTIONS' at line 1093 of file /home/travis/build/gabegordon/CXXDecomQt/doxygen/config belongs to an option that was not enabled at compile time.
To avoid this warning please remove this line from your configuration file, upgrade it using "doxygen -u", or recompile doxygen with this feature enabled.
Warning: ignoring unsupported tag `LATEX_EXTRA_STYLESHEET =' at line 1765, file /home/travis/build/gabegordon/CXXDecomQt/doxygen/config
Warning: ignoring unsupported tag `LATEX_TIMESTAMP        =' at line 1832, file /home/travis/build/gabegordon/CXXDecomQt/doxygen/config
Warning: ignoring unsupported tag `RTF_SOURCE_CODE        =' at line 1898, file /home/travis/build/gabegordon/CXXDecomQt/doxygen/config
Warning: ignoring unsupported tag `MAN_SUBDIR             =' at line 1933, file /home/travis/build/gabegordon/CXXDecomQt/doxygen/config
Warning: ignoring unsupported tag `DOCBOOK_PROGRAMLISTING =' at line 1996, file /home/travis/build/gabegordon/CXXDecomQt/doxygen/config
Warning: ignoring unsupported tag `PLANTUML_JAR_PATH      =' at line 2425, file /home/travis/build/gabegordon/CXXDecomQt/doxygen/config
Warning: ignoring unsupported tag `PLANTUML_CFG_FILE      =' at line 2430, file /home/travis/build/gabegordon/CXXDecomQt/doxygen/config
Warning: ignoring unsupported tag `PLANTUML_INCLUDE_PATH  =' at line 2435, file /home/travis/build/gabegordon/CXXDecomQt/doxygen/config
Warning: the dot tool could not be found at C:\Users\ggordon5\Documents\graphviz-2.38\release\bin\
Searching for include files...
Searching for example files...
Searching for images...
Searching for dot files...
Searching for msc files...
Searching for dia files...
Searching for files to exclude
Searching for files to process...
Searching for files in directory /home/travis/build/gabegordon/CXXDecomQt/src
Searching for files in directory /home/travis/build/gabegordon/CXXDecomQt/include
Reading and parsing tag files
Parsing files
Preprocessing /home/travis/build/gabegordon/CXXDecomQt/src/backend.cpp...
Parsing file /home/travis/build/gabegordon/CXXDecomQt/src/backend.cpp...
Preprocessing /home/travis/build/gabegordon/CXXDecomQt/src/ByteManipulation.cpp...
Parsing file /home/travis/build/gabegordon/CXXDecomQt/src/ByteManipulation.cpp...
Preprocessing /home/travis/build/gabegordon/CXXDecomQt/src/CSVRow.cpp...
Parsing file /home/travis/build/gabegordon/CXXDecomQt/src/CSVRow.cpp...
Preprocessing /home/travis/build/gabegordon/CXXDecomQt/src/DatabaseReader.cpp...
Parsing file /home/travis/build/gabegordon/CXXDecomQt/src/DatabaseReader.cpp...
Preprocessing /home/travis/build/gabegordon/CXXDecomQt/src/DataDecode.cpp...
Parsing file /home/travis/build/gabegordon/CXXDecomQt/src/DataDecode.cpp...
Preprocessing /home/travis/build/gabegordon/CXXDecomQt/src/Decom.cpp...
Parsing file /home/travis/build/gabegordon/CXXDecomQt/src/Decom.cpp...
Preprocessing /home/travis/build/gabegordon/CXXDecomQt/src/h5Decode.cpp...
Parsing file /home/travis/build/gabegordon/CXXDecomQt/src/h5Decode.cpp...
Preprocessing /home/travis/build/gabegordon/CXXDecomQt/src/HeaderDecode.cpp...
Parsing file /home/travis/build/gabegordon/CXXDecomQt/src/HeaderDecode.cpp...
Preprocessing /home/travis/build/gabegordon/CXXDecomQt/src/InstrumentFormat.cpp...
Parsing file /home/travis/build/gabegordon/CXXDecomQt/src/InstrumentFormat.cpp...
Preprocessing /home/travis/build/gabegordon/CXXDecomQt/src/LogFile.cpp...
Parsing file /home/travis/build/gabegordon/CXXDecomQt/src/LogFile.cpp...
Preprocessing /home/travis/build/gabegordon/CXXDecomQt/src/main.cpp...
Parsing file /home/travis/build/gabegordon/CXXDecomQt/src/main.cpp...
Preprocessing /home/travis/build/gabegordon/CXXDecomQt/src/pdsDecode.cpp...
Parsing file /home/travis/build/gabegordon/CXXDecomQt/src/pdsDecode.cpp...
Preprocessing /home/travis/build/gabegordon/CXXDecomQt/src/ProgressBar.cpp...
Parsing file /home/travis/build/gabegordon/CXXDecomQt/src/ProgressBar.cpp...
Preprocessing /home/travis/build/gabegordon/CXXDecomQt/src/ThreadPoolServer.cpp...
Parsing file /home/travis/build/gabegordon/CXXDecomQt/src/ThreadPoolServer.cpp...
Preprocessing /home/travis/build/gabegordon/CXXDecomQt/src/ThreadSafeListenerQueue.cpp...
Parsing file /home/travis/build/gabegordon/CXXDecomQt/src/ThreadSafeListenerQueue.cpp...
Preprocessing /home/travis/build/gabegordon/CXXDecomQt/include/backend.h...
Parsing file /home/travis/build/gabegordon/CXXDecomQt/include/backend.h...
Preprocessing /home/travis/build/gabegordon/CXXDecomQt/include/ByteManipulation.h...
Parsing file /home/travis/build/gabegordon/CXXDecomQt/include/ByteManipulation.h...
Preprocessing /home/travis/build/gabegordon/CXXDecomQt/include/CSVRow.h...
Parsing file /home/travis/build/gabegordon/CXXDecomQt/include/CSVRow.h...
Preprocessing /home/travis/build/gabegordon/CXXDecomQt/include/DatabaseReader.h...
Parsing file /home/travis/build/gabegordon/CXXDecomQt/include/DatabaseReader.h...
Preprocessing /home/travis/build/gabegordon/CXXDecomQt/include/DataDecode.h...
Parsing file /home/travis/build/gabegordon/CXXDecomQt/include/DataDecode.h...
Preprocessing /home/travis/build/gabegordon/CXXDecomQt/include/DataTypes.h...
Parsing file /home/travis/build/gabegordon/CXXDecomQt/include/DataTypes.h...
Preprocessing /home/travis/build/gabegordon/CXXDecomQt/include/Decom.h...
Parsing file /home/travis/build/gabegordon/CXXDecomQt/include/Decom.h...
Preprocessing /home/travis/build/gabegordon/CXXDecomQt/include/getFiles.h...
Parsing file /home/travis/build/gabegordon/CXXDecomQt/include/getFiles.h...
Preprocessing /home/travis/build/gabegordon/CXXDecomQt/include/h5Decode.h...
Parsing file /home/travis/build/gabegordon/CXXDecomQt/include/h5Decode.h...
Preprocessing /home/travis/build/gabegordon/CXXDecomQt/include/hdf_wrapper.h...
Parsing file /home/travis/build/gabegordon/CXXDecomQt/include/hdf_wrapper.h...
Preprocessing /home/travis/build/gabegordon/CXXDecomQt/include/HeaderDecode.h...
Parsing file /home/travis/build/gabegordon/CXXDecomQt/include/HeaderDecode.h...
Preprocessing /home/travis/build/gabegordon/CXXDecomQt/include/InstrumentFormat.h...
Parsing file /home/travis/build/gabegordon/CXXDecomQt/include/InstrumentFormat.h...
Preprocessing /home/travis/build/gabegordon/CXXDecomQt/include/LogFile.h...
Parsing file /home/travis/build/gabegordon/CXXDecomQt/include/LogFile.h...
Preprocessing /home/travis/build/gabegordon/CXXDecomQt/include/pdsDecode.h...
Parsing file /home/travis/build/gabegordon/CXXDecomQt/include/pdsDecode.h...
Preprocessing /home/travis/build/gabegordon/CXXDecomQt/include/ProgressBar.h...
Parsing file /home/travis/build/gabegordon/CXXDecomQt/include/ProgressBar.h...
Preprocessing /home/travis/build/gabegordon/CXXDecomQt/include/progressqueue.h...
Parsing file /home/travis/build/gabegordon/CXXDecomQt/include/progressqueue.h...
Preprocessing /home/travis/build/gabegordon/CXXDecomQt/include/ReadFile.h...
Parsing file /home/travis/build/gabegordon/CXXDecomQt/include/ReadFile.h...
Preprocessing /home/travis/build/gabegordon/CXXDecomQt/include/ThreadPoolServer.h...
Parsing file /home/travis/build/gabegordon/CXXDecomQt/include/ThreadPoolServer.h...
Preprocessing /home/travis/build/gabegordon/CXXDecomQt/include/ThreadSafeListenerQueue.h...
Parsing file /home/travis/build/gabegordon/CXXDecomQt/include/ThreadSafeListenerQueue.h...
Preprocessing /home/travis/build/gabegordon/CXXDecomQt/doxygen/running.dox...
Parsing file /home/travis/build/gabegordon/CXXDecomQt/doxygen/running.dox...
Preprocessing /home/travis/build/gabegordon/CXXDecomQt/doxygen/compiling.dox...
Parsing file /home/travis/build/gabegordon/CXXDecomQt/doxygen/compiling.dox...
Preprocessing /home/travis/build/gabegordon/CXXDecomQt/doxygen/control.dox...
Parsing file /home/travis/build/gabegordon/CXXDecomQt/doxygen/control.dox...
Building group list...
Building directory list...
Building namespace list...
Building file list...
Building class list...
Associating documentation with classes...
Computing nesting relations for classes...
Building example list...
Searching for enumerations...
Searching for documented typedefs...
Searching for members imported via using declarations...
Searching for included using directives...
Searching for documented variables...
Building interface member list...
Building member list...
Searching for friends...
Searching for documented defines...
Computing class inheritance relations...
Computing class usage relations...
Searching for tag less structs...
Flushing cached template relations that have become invalid...
Creating members for template instances...
Computing class relations...
Add enum values to enums...
Searching for member function documentation...
Building page list...
Search for main page...
Computing page relations...
Determining the scope of groups...
Sorting lists...
Freeing entry tree
Determining which enums are documented
Computing member relations...
Building full member lists recursively...
Adding members to member groups.
Computing member references...
Inheriting documentation...
Generating disk names...
Adding source references...
Adding xrefitems...
Sorting member lists...
Computing dependencies between directories...
Generating citations page...
Counting data structures...
Resolving user defined references...
Finding anchors and sections in the documentation...
Transferring function references...
Combining using relations...
Adding members to index pages...
Generating style sheet...
Generating search indices...
Generating example documentation...
Generating file sources...
Generating code for file /home/travis/build/gabegordon/CXXDecomQt/include/backend.h...
Generating code for file /home/travis/build/gabegordon/CXXDecomQt/include/ByteManipulation.h...
Generating code for file /homeQGDict::hashAsciiKey: Invalid null key
QGDict::hashAsciiKey: Invalid null key
QGDict::hashAsciiKey: Invalid null key
QGDict::hashAsciiKey: Invalid null key
QGDict::hashAsciiKey: Invalid null key
QGDict::hashAsciiKey: Invalid null key
/travis/build/gabegordon/CXXDecomQt/include/CSVRow.h...
Generating code for file /home/travis/build/gabegordon/CXXDecomQt/include/DatabaseReader.h...
Generating code for file /home/travis/build/gabegordon/CXXDecomQt/include/DataDecode.h...
Generating code for file /home/travis/build/gabegordon/CXXDecomQt/include/DataTypes.h...
Generating code for file /home/travis/build/gabegordon/CXXDecomQt/include/Decom.h...
Generating code for file /home/travis/build/gabegordon/CXXDecomQt/include/getFiles.h...
Generating code for file /home/travis/build/gabegordon/CXXDecomQt/include/h5Decode.h...
Generating code for file /home/travis/build/gabegordon/CXXDecomQt/include/hdf_wrapper.h...
Generating code for file /home/travis/build/gabegordon/CXXDecomQt/include/HeaderDecode.h...
Generating code for file /home/travis/build/gabegordon/CXXDecomQt/include/InstrumentFormat.h...
Generating code for file /home/travis/build/gabegordon/CXXDecomQt/include/LogFile.h...
Generating code for file /home/travis/build/gabegordon/CXXDecomQt/include/pdsDecode.h...
Generating code for file /home/travis/build/gabegordon/CXXDecomQt/include/ProgressBar.h...
Generating code for file /home/travis/build/gabegordon/CXXDecomQt/include/progressqueue.h...
Generating code for file /home/travis/build/gabegordon/CXXDecomQt/include/ReadFile.h...
Generating code for file /home/travis/build/gabegordon/CXXDecomQt/include/ThreadPoolServer.h...
Generating code for file /home/travis/build/gabegordon/CXXDecomQt/include/ThreadSafeListenerQueue.h...
Generating code for file /home/travis/build/gabegordon/CXXDecomQt/src/backend.cpp...
Generating code for file /home/travis/build/gabegordon/CXXDecomQt/src/ByteManipulation.cpp...
Generating code for file /home/travis/build/gabegordon/CXXDecomQt/src/CSVRow.cpp...
Generating code for file /home/travis/build/gabegordon/CXXDecomQt/src/DatabaseReader.cpp...
Generating code for file /home/travis/build/gabegordon/CXXDecomQt/src/DataDecode.cpp...
Generating code for file /home/travis/build/gabegordon/CXXDecomQt/src/Decom.cpp...
Generating code for file /home/travis/build/gabegordon/CXXDecomQt/src/h5Decode.cpp...
Generating code for file /home/travis/build/gabegordon/CXXDecomQt/src/HeaderDecode.cpp...
Generating code for file /home/travis/build/gabegordon/CXXDecomQt/src/InstrumentFormat.cpp...
Generating code for file /home/travis/build/gabegordon/CXXDecomQt/src/LogFile.cpp...
Generating code for file /home/travis/build/gabegordon/CXXDecomQt/src/main.cpp...
Generating code for file /home/travis/build/gabegordon/CXXDecomQt/src/pdsDecode.cpp...
Generating code for file /home/travis/build/gabegordon/CXXDecomQt/src/ProgressBar.cpp...
Generating code for file /home/travis/build/gabegordon/CXXDecomQt/src/ThreadPoolServer.cpp...
Generating code for file /home/travis/build/gabegordon/CXXDecomQt/src/ThreadSafeListenerQueue.cpp...
Generating file documentation...
Generating docs for file /home/travis/build/gabegordon/CXXDecomQt/doxygen/compiling.dox...
Generating docs for file /home/travis/build/gabegordon/CXXDecomQt/doxygen/control.dox...
Generating docs for file /home/travis/build/gabegordon/CXXDecomQt/doxygen/running.dox...
Generating docs for file /home/travis/build/gabegordon/CXXDecomQt/include/backend.h...
Generating docs for file /home/travis/build/gabegordon/CXXDecomQt/include/ByteManipulation.h...
Generating docs for file /home/travis/build/gabegordon/CXXDecomQt/include/CSVRow.h...
Generating docs for file /home/travis/build/gabegordon/CXXDecomQt/include/DatabaseReader.h...
Generating docs for file /home/travis/build/gabegordon/CXXDecomQt/include/DataDecode.h...
Generating docs for file /home/travis/build/gabegordon/CXXDecomQt/include/DataTypes.h...
Generating docs for file /home/travis/build/gabegordon/CXXDecomQt/include/Decom.h...
Generating docs for file /home/travis/build/gabegordon/CXXDecomQt/include/getFiles.h...
Generating docs for file /home/travis/build/gabegordon/CXXDecomQt/include/h5Decode.h...
Generating docs for file /home/travis/build/gabegordon/CXXDecomQt/include/hdf_wrapper.h...
Generating docs for file /home/travis/build/gabego/home/travis/build/gabegordon/CXXDecomQt/doxygen/compiling.dox:10: warning: Found unknown command `\endsection'
/home/travis/build/gabegordon/CXXDecomQt/src/DataDecode.cpp:163: warning: The following parameters of DataDecode::decodeDataSegmented(std::ifstream &infile, const bool omps) are not documented:
  parameter 'omps'
/home/travis/build/gabegordon/CXXDecomQt/src/Decom.cpp:20: warning: The following parameters of Decom::init(const std::string &infile, BackEnd *backend) are not documented:
  parameter 'backend'
QGDict::hashAsciiKey: Invalid null key
QGDict::hashAsciiKey: Invalid null key
QGDict::hashAsciiKey: Invalid null key
QGDict::hashAsciiKey: Invalid null key
QGDict::hashAsciiKey: Invalid null key
QGDict::hashAsciiKey: Invalid null key
QGDict::hashAsciiKey: Invalid null key
QGDict::hashAsciiKey: Invalid null key
QGDict::hashAsciiKey: Invalid null key
QGDict::hashAsciiKey: Invalid null key
QGDict::hashAsciiKey: Invalid null key
QGDict::hashAsciiKey: Invalid null key
rdon/CXXDecomQt/include/HeaderDecode.h...
Generating docs for file /home/travis/build/gabegordon/CXXDecomQt/include/InstrumentFormat.h...
Generating docs for file /home/travis/build/gabegordon/CXXDecomQt/include/LogFile.h...
Generating docs for file /home/travis/build/gabegordon/CXXDecomQt/include/pdsDecode.h...
Generating docs for file /home/travis/build/gabegordon/CXXDecomQt/include/ProgressBar.h...
Generating docs for file /home/travis/build/gabegordon/CXXDecomQt/include/progressqueue.h...
Generating docs for file /home/travis/build/gabegordon/CXXDecomQt/include/ReadFile.h...
Generating docs for file /home/travis/build/gabegordon/CXXDecomQt/include/ThreadPoolServer.h...
Generating docs for file /home/travis/build/gabegordon/CXXDecomQt/include/ThreadSafeListenerQueue.h...
Generating docs for file /home/travis/build/gabegordon/CXXDecomQt/src/backend.cpp...
Generating docs for file /home/travis/build/gabegordon/CXXDecomQt/src/ByteManipulation.cpp...
Generating docs for file /home/travis/build/gabegordon/CXXDecomQt/src/CSVRow.cpp...
Generating docs for file /home/travis/build/gabegordon/CXXDecomQt/src/DatabaseReader.cpp...
Generating docs for file /home/travis/build/gabegordon/CXXDecomQt/src/DataDecode.cpp...
Generating docs for file /home/travis/build/gabegordon/CXXDecomQt/src/Decom.cpp...
Generating docs for file /home/travis/build/gabegordon/CXXDecomQt/src/h5Decode.cpp...
Generating docs for file /home/travis/build/gabegordon/CXXDecomQt/src/HeaderDecode.cpp...
Generating docs for file /home/travis/build/gabegordon/CXXDecomQt/src/InstrumentFormat.cpp...
Generating docs for file /home/travis/build/gabegordon/CXXDecomQt/src/LogFile.cpp...
Generating docs for file /home/travis/build/gabegordon/CXXDecomQt/src/main.cpp...
Generating docs for file /home/travis/build/gabegordon/CXXDecomQt/src/pdsDecode.cpp...
Generating docs for file /home/travis/build/gabegordon/CXXDecomQt/src/ProgressBar.cpp...
Generating docs for file /home/travis/build/gabegordon/CXXDecomQt/src/ThreadPoolServer.cpp...
Generating docs for file /home/travis/build/gabegordon/CXXDecomQt/src/ThreadSafeListenerQueue.cpp...
Generating page documentation...
Generating docs for page running...
Generating docs for page compiling...
Generating docs for page control...
Generating group documentation...
Generating class documentation...
Generating docs for compound BackEnd...
Generating docs for compound CSVRow...
Generating docs for compound DatabaseReader...
Generating docs for compound DataDecode...
Generating docs for compound Decom...
Generating docs for compound h5Decode...
Generating docs for compound LogFile...
Generating docs for compound pdsDecode...
Generating docs for compound ProgressBar...
Generating docs for compound ProgressQueue...
Generating docs for compound QObject...
Generating docs for compound recursive_directory_range...
Generating docs for compound ThreadPoolServer...
Generating docs for compound ThreadSafeListenerQueue...
Generating namespace index...
Generating docs for namespace ByteManipulation
Generating docs for namespace DataTypes
Generating docs for namespace getFiles
Generating docs for namespace h5cpp
Generating docs for compound h5cpp::AutoErrorReportingGuard...
Generating docs for compound h5cpp::Exception...
Generating docs for compound h5cpp::NameLookupError...
Generating docs for compound h5cpp::Object...
Generating docs for compound h5cpp::Datatype...
Generating docs for compound h5cpp::RW...
Generating docs for compound h5cpp::RWdataset...
Generating docs for compound h5cpp::RWattribute...
Generating docs for compound h5cpp::Dataspace...
Generating docs for compound h5cpp::Attribute...
Generating docs for compound h5cpp::Attributes...
Generating docs for compound h5cpp::Properties...
Generating docs for compound h5cpp::Group...
Generating docs for compound h5cpp::iterator...
Generating docs for compound h5cpp::File...
Generating docs for compound h5cpp::Dataset...
Generating docs for compound h5cpp::h5traits...
Generating docs for compound h5cpp::h5traits< std::string >...
Generating docs for compound h5cpp::h5traits< char[n]>./home/travis/build/gabegordon/CXXDecomQt/src/InstrumentFormat.cpp:49: warning: The following parameters of InstrumentFormat::writeChans(const std::vector< atms_pack > &buf, BackEnd *backend) are not documented:
  parameter 'backend'
..
Generating docs for compound h5cpp::h5traits< char * >...
Generating docs for namespace h5cpp::internal
Generating docs for namespace HeaderDecode
Generating docs for namespace InstrumentFormat
Generating docs for namespace ReadFiles
Generating graph info page...
Generating directory documentation...
Generating dependency graph for directory /home/travis/build/gabegordon/CXXDecomQt/include
Generating dependency graph for directory /home/travis/build/gabegordon/CXXDecomQt/src
Generating index page...
Generating page index...
Generating module index...
Generating namespace index...
Generating namespace member index...
Generating annotated compound index...
Generating alphabetical compound index...
Generating hierarchical class index...
Generating graphical class hierarchy...
Generating member index...
Generating file index...
Generating file member index...
Generating example index...
finalizing index lists...
Running dot...
Generating dot graphs using 3 parallel threads...
Running dot for graph 1/145
Running dot for graph 2/145
Running dot for graph 3/145
Running dot for graph 4/145
Running dot for graph 5/145
Running dot for graph 6/145
Running dot for graph 7/145
Running dot for graph 8/145
Running dot for graph 9/145
Running dot for graph 10/145
Running dot for graph 11/145
Running dot for graph 12/145
Running dot for graph 13/145
Running dot for graph 14/145
Running dot for graph 15/145
Running dot for graph 16/145
Running dot for graph 17/145
Running dot for graph 18/145
Running dot for graph 19/145
Running dot for graph 20/145
Running dot for graph 21/145
Running dot for graph 22/145
Running dot for graph 23/145
Running dot for graph 24/145
Running dot for graph 25/145
Running dot for graph 26/145
Running dot for graph 27/145
Running dot for graph 28/145
Running dot for graph 29/145
Running dot for graph 30/145
Running dot for graph 31/145
Running dot for graph 32/145
Running dot for graph 33/145
Running dot for graph 34/145
Running dot for graph 35/145
Running dot for graph 36/145
Running dot for graph 37/145
Running dot for graph 38/145
Running dot for graph 39/145
Running dot for graph 40/145
Running dot for graph 41/145
Running dot for graph 42/145
Running dot for graph 43/145
Running dot for graph 44/145
Running dot for graph 45/145
Running dot for graph 46/145
Running dot for graph 47/145
Running dot for graph 48/145
Running dot for graph 49/145
Running dot for graph 50/145
Running dot for graph 51/145
Running dot for graph 52/145
Running dot for graph 53/145
Running dot for graph 54/145
Running dot for graph 55/145
Running dot for graph 56/145
Running dot for graph 57/145
Running dot for graph 58/145
Running dot for graph 59/145
Running dot for graph 60/145
Running dot for graph 61/145
Running dot for graph 62/145
Running dot for graph 63/145
Running dot for graph 64/145
Running dot for graph 65/145
Running dot for graph 66/145
Running dot for graph 67/145
Running dot for graph 68/145
Running dot for graph 69/145
Running dot for graph 70/145
Running dot for graph 71/145
Running dot for graph 72/145
Running dot for graph 73/145
Running dot for graph 74/145
Running dot for graph 75/145
Running dot for graph 76/145
Running dot for graph 77/145
Running dot for graph 78/145
Running dot for graph 79/145
Running dot for graph 80/145
Running dot for graph 81/145
Running dot for graph 82/145
Running dot for graph 83/145
Running dot for graph 84/145
Running dot for graph 85/145
Running dot for graph 86/145
Running dot for graph 87/145
Running dot for graph 88/145
Running dot for graph 89/145
Running dot for graph 90/145
Running dot for graph 91/145
Running dot for graph 92/145
Running dot for graph 93/145
Running dot for graph 94/145
Running dot for graph 95/145
Running dot for graph 96/145
Running dot for graph 97/145
Running dot for graph 98/145
Running dot for graph 99/145
Running dot for graph 100/145
Running dot for graph 101/145
Running dot for graph 102/145
Running dot for graph 103/145
Running dot for graph 104/145
Running dot for graph 105/145
Running dot for graph 106/145
Running dot for graph 107/145
Running dot for graph 108/145
Running dot for graph 109/145
Running dot for graph 110/145
Running dot for graph 111/145
Running dot for graph 112/145
Running dot for graph 113/145
Running dot for graph 114/145
Running dot for graph 115/145
Running dot for graph 116/145
Running dot for graph 117/145
Running dot for graph 118/145
Running dot for graph 119/145
Running dot for graph 120/145
Running dot for graph 121/145
Running dot for graph 122/145
Running dot for graph 123/145
Running dot for graph 124/145
Running dot for graph 125/145
Running dot for graph 126/145
Running dot for graph 127/145
Running dot for graph 128/145
Running dot for graph 129/145
Running dot for graph 130/145
Running dot for graph 131/145
Running dot for graph 132/145
Running dot for graph 133/145
Running dot for graph 134/145
Running dot for graph 135/145
Running dot for graph 136/145
Running dot for graph 137/145
Running dot for graph 138/145
Running dot for graph 139/145
Running dot for graph 140/145
Running dot for graph 141/145
Running dot for graph 142/145
Running dot for graph 143/145
Running dot for graph 144/145
Running dot for graph 145/145
Patching output file 1/67
Patching output file 2/67
Patching output file 3/67
Patching output file 4/67
Patching output file 5/67
Patching output file 6/67
Patching output file 7/67
Patching output file 8/67
Patching output file 9/67
Patching output file 10/67
Patching output file 11/67
Patching output file 12/67
Patching output file 13/67
Patching output file 14/67
Patching output file 15/67
Patching output file 16/67
Patching output file 17/67
Patching output file 18/67
Patching output file 19/67
Patching output file 20/67
Patching output file 21/67
Patching output file 22/67
Patching output file 23/67
Patching output file 24/67
Patching output file 25/67
Patching output file 26/67
Patching output file 27/67
Patching output file 28/67
Patching output file 29/67
Patching output file 30/67
Patching output file 31/67
Patching output file 32/67
Patching output file 33/67
Patching output file 34/67
Patching output file 35/67
Patching output file 36/67
Patching output file 37/67
Patching output file 38/67
Patching output file 39/67
Patching output file 40/67
Patching output file 41/67
Patching output file 42/67
Patching output file 43/67
Patching output file 44/67
Patching output file 45/67
Patching output file 46/67
Patching output file 47/67
Patching output file 48/67
Patching output file 49/67
Patching output file 50/67
Patching output file 51/67
Patching output file 52/67
Patching output file 53/67
Patching output file 54/67
Patching output file 55/67
Patching output file 56/67
Patching output file 57/67
Patching output file 58/67
Patching output file 59/67
Patching output file 60/67
Patching output file 61/67
Patching output file 62/67
Patching output file 63/67
Patching output file 64/67
Patching output file 65/67
Patching output file 66/67
Patching output file 67/67
lookup cache used 1759/65536 hits=13508 misses=1954
finished...
